  main.cpp
D:\计算机图形学\期末大作业\实验补充2_留空代码\main.cpp(1,1): warning C4819: 该文件包含不能在当前代码页(936)中表示的字符。请将该文件保存为 Unicode 格式以防止数据丢失
D:\计算机图形学\期末大作业\实验补充2_留空代码\include\Angel.h(64,40): warning C4305: “初始化”: 从“double”到“GLfloat”截断
  (编译源文件“main.cpp”)
  
C:\Program Files (x86)\Windows Kits\10\Include\10.0.22621.0\shared\minwindef.h(130,9): warning C4005: “APIENTRY”: 宏重定义
  (编译源文件“main.cpp”)
      D:\vcpkg-master\installed\x64-windows\include\glad\glad.h(32,9):
      参见“APIENTRY”的前一个定义
  
D:\计算机图形学\期末大作业\实验补充2_留空代码\main.cpp(183,27): warning C4305: “初始化”: 从“double”到“float”截断
D:\计算机图形学\期末大作业\实验补充2_留空代码\main.cpp(184,27): warning C4305: “初始化”: 从“double”到“float”截断
D:\计算机图形学\期末大作业\实验补充2_留空代码\main.cpp(186,27): warning C4305: “初始化”: 从“double”到“float”截断
D:\计算机图形学\期末大作业\实验补充2_留空代码\main.cpp(187,27): warning C4305: “初始化”: 从“double”到“float”截断
D:\计算机图形学\期末大作业\实验补充2_留空代码\main.cpp(190,22): warning C4305: “初始化”: 从“double”到“float”截断
D:\计算机图形学\期末大作业\实验补充2_留空代码\main.cpp(228,27): warning C4305: “初始化”: 从“double”到“float”截断
D:\计算机图形学\期末大作业\实验补充2_留空代码\main.cpp(229,22): warning C4305: “初始化”: 从“double”到“float”截断
D:\计算机图形学\期末大作业\实验补充2_留空代码\main.cpp(233,25): warning C4305: “初始化”: 从“double”到“float”截断
D:\计算机图形学\期末大作业\实验补充2_留空代码\main.cpp(239,24): warning C4305: “初始化”: 从“double”到“float”截断
D:\计算机图形学\期末大作业\实验补充2_留空代码\main.cpp(240,23): warning C4305: “初始化”: 从“double”到“float”截断
D:\计算机图形学\期末大作业\实验补充2_留空代码\main.cpp(241,32): warning C4305: “初始化”: 从“double”到“float”截断
D:\计算机图形学\期末大作业\实验补充2_留空代码\main.cpp(242,32): warning C4305: “初始化”: 从“double”到“float”截断
D:\计算机图形学\期末大作业\实验补充2_留空代码\main.cpp(244,28): warning C4305: “初始化”: 从“double”到“float”截断
D:\计算机图形学\期末大作业\实验补充2_留空代码\main.cpp(245,30): warning C4305: “初始化”: 从“double”到“float”截断
D:\计算机图形学\期末大作业\实验补充2_留空代码\main.cpp(424,54): warning C4267: “参数”: 从“size_t”转换到“GLsizei”，可能丢失数据
D:\计算机图形学\期末大作业\实验补充2_留空代码\main.cpp(753,1): warning C4819: 该文件包含不能在当前代码页(936)中表示的字符。请将该文件保存为 Unicode 格式以防止数据丢失
D:\计算机图形学\期末大作业\实验补充2_留空代码\main.cpp(833,54): warning C4267: “参数”: 从“size_t”转换到“GLsizei”，可能丢失数据
D:\计算机图形学\期末大作业\实验补充2_留空代码\main.cpp(990,23): error C3861: “getGroundTopY”: 找不到标识符
D:\计算机图形学\期末大作业\实验补充2_留空代码\main.cpp(1011,20): warning C4244: “初始化”: 从“double”转换到“float”，可能丢失数据
D:\计算机图形学\期末大作业\实验补充2_留空代码\main.cpp(1012,22): warning C4244: “初始化”: 从“double”转换到“float”，可能丢失数据
D:\计算机图形学\期末大作业\实验补充2_留空代码\main.cpp(1013,19): warning C4244: “初始化”: 从“double”转换到“float”，可能丢失数据
D:\计算机图形学\期末大作业\实验补充2_留空代码\main.cpp(1014,19): warning C4244: “初始化”: 从“double”转换到“float”，可能丢失数据
D:\计算机图形学\期末大作业\实验补充2_留空代码\main.cpp(1015,14): warning C4244: “初始化”: 从“double”转换到“float”，可能丢失数据
D:\计算机图形学\期末大作业\实验补充2_留空代码\main.cpp(1016,14): warning C4244: “初始化”: 从“double”转换到“float”，可能丢失数据
D:\计算机图形学\期末大作业\实验补充2_留空代码\main.cpp(1044,21): warning C4244: “初始化”: 从“double”转换到“float”，可能丢失数据
D:\计算机图形学\期末大作业\实验补充2_留空代码\main.cpp(1113,20): warning C4244: “初始化”: 从“double”转换到“float”，可能丢失数据
D:\计算机图形学\期末大作业\实验补充2_留空代码\main.cpp(1114,19): warning C4244: “初始化”: 从“double”转换到“float”，可能丢失数据
D:\计算机图形学\期末大作业\实验补充2_留空代码\main.cpp(1115,14): warning C4244: “初始化”: 从“double”转换到“float”，可能丢失数据
D:\计算机图形学\期末大作业\实验补充2_留空代码\main.cpp(1527,13): warning C4244: “初始化”: 从“double”转换到“float”，可能丢失数据
D:\计算机图形学\期末大作业\实验补充2_留空代码\main.cpp(1610,1): warning C4819: 该文件包含不能在当前代码页(936)中表示的字符。请将该文件保存为 Unicode 格式以防止数据丢失
